<?xml version="1.0" encoding="UTF-8"?>
<testng-results ignored="0" total="1" passed="1" failed="0" skipped="0">
  <reporter-output>
  </reporter-output>
  <suite started-at="2026-03-08T23:39:11 IST" name="AutomationSuite" finished-at="2026-03-08T23:39:16 IST" duration-ms="5013">
    <groups>
    </groups>
    <test started-at="2026-03-08T23:39:11 IST" name="TC001_ITER_1" finished-at="2026-03-08T23:39:16 IST" duration-ms="5013">
      <class name="api.WebFramework.DynamicTest">
        <test-method signature="execute(java.lang.String,java.lang.String)[pri:0, instance:api.WebFramework.DynamicTest@2c34f934]" started-at="2026-03-08T23:39:11 IST" name="execute" finished-at="2026-03-08T23:39:16 IST" duration-ms="4758" status="PASS">
          <params>
            <param index="0">
              <value>
                <![CDATA[[{class=otherTest.LoginTest, method=testLogin}]]]>
              </value>
            </param>
            <param index="1">
              <value>
                <![CDATA[{iteration=1, email=rahulshettyacademy, password=Learning@830$3mK2}]]>
              </value>
            </param>
          </params>
          <reporter-output>
          </reporter-output>
        </test-method> <!-- execute -->
      </class> <!-- api.WebFramework.DynamicTest -->
    </test> <!-- TC001_ITER_1 -->
  </suite> <!-- AutomationSuite -->
</testng-results>
